fatal: Unable to read current working directory: Operation not permitted
[main 4f82bd9] Auto: .sync/service.log,.sync/sync.lock,.sync/sync.log — 01/06 17:53
 Committer: Felipe F. Sain <felip@Mac.tigo.com.py>
Your name and email address were configured automatically based
on your username and hostname. Please check that they are accurate.
You can suppress this message by setting them explicitly. Run the
following command and follow the instructions in your editor to edit
your configuration file:

    git config --global --edit

After doing this, you may fix the identity used for this commit with:

    git commit --amend --reset-author

 3 files changed, 7 insertions(+)
 create mode 100644 .sync/sync.lock
 create mode 100644 .sync/sync.log
To https://github.com/felipe362/dashboards.git
   d51fc14..4f82bd9  main -> main
[2026-06-01 17:53:57] ✅ Sincronizado com GitHub
[main 96dd5f0] Auto: .sync/service.log,.sync/sync.log — 01/06 17:54
 Committer: Felipe F. Sain <felip@Mac.tigo.com.py>
Your name and email address were configured automatically based
on your username and hostname. Please check that they are accurate.
You can suppress this message by setting them explicitly. Run the
following command and follow the instructions in your editor to edit
your configuration file:

    git config --global --edit

After doing this, you may fix the identity used for this commit with:

    git commit --amend --reset-author

 2 files changed, 21 insertions(+)
To https://github.com/felipe362/dashboards.git
   4f82bd9..96dd5f0  main -> main
[2026-06-01 17:54:04] ✅ Sincronizado com GitHub
